<?xml version="1.0" encoding="UTF-8"?>
<testng-results ignored="0" total="1" passed="1" failed="0" skipped="0">
  <reporter-output>
  </reporter-output>
  <suite started-at="2020-12-31T13:40:44Z" name="Default suite" finished-at="2020-12-31T13:40:52Z" duration-ms="7214">
    <groups>
    </groups>
    <test started-at="2020-12-31T13:40:44Z" name="Default test" finished-at="2020-12-31T13:40:52Z" duration-ms="7214">
      <class name="TestMavenProject.TestMavenProject.Browser">
        <test-method signature="m1()[pri:0, instance:TestMavenProject.TestMavenProject.Browser@3af9c5b7]" started-at="2020-12-31T19:10:45Z" name="m1" finished-at="2020-12-31T19:10:52Z" duration-ms="7140" status="PASS">
          <reporter-output>
          </reporter-output>
        </test-method> <!-- m1 -->
      </class> <!-- TestMavenProject.TestMavenProject.Browser -->
    </test> <!-- Default test -->
  </suite> <!-- Default suite -->
</testng-results>
