<?xml version="1.0" encoding="UTF-8"?>
<testng-results ignored="0" total="1" passed="1" failed="0" skipped="0">
  <reporter-output>
  </reporter-output>
  <suite started-at="2021-01-06T14:44:17Z" name="Surefire suite" finished-at="2021-01-06T14:44:17Z" duration-ms="17">
    <groups>
    </groups>
    <test started-at="2021-01-06T14:44:17Z" name="Surefire test" finished-at="2021-01-06T14:44:17Z" duration-ms="17">
      <class name="TestMavenProject.TestMavenProject.AppTest">
        <test-method signature="testApp()[pri:0, instance:testApp(TestMavenProject.TestMavenProject.AppTest)]" started-at="2021-01-06T20:14:17Z" name="testApp" finished-at="2021-01-06T20:14:17Z" duration-ms="3" status="PASS">
          <reporter-output>
          </reporter-output>
        </test-method> <!-- testApp -->
      </class> <!-- TestMavenProject.TestMavenProject.AppTest -->
    </test> <!-- Surefire test -->
  </suite> <!-- Surefire suite -->
</testng-results>
