<?xml version="1.0" encoding="UTF-8"?>
<testng-results ignored="0" total="1" passed="1" failed="0" skipped="0">
  <reporter-output>
  </reporter-output>
  <suite started-at="2021-01-07T09:03:12Z" name="Surefire suite" finished-at="2021-01-07T09:03:34Z" duration-ms="21912">
    <groups>
    </groups>
    <test started-at="2021-01-07T09:03:12Z" name="Surefire test" finished-at="2021-01-07T09:03:34Z" duration-ms="21912">
      <class name="TestMavenProject.TestMavenProject.BrowserTest">
        <test-method signature="m1()[pri:0, instance:TestMavenProject.TestMavenProject.BrowserTest@c81cdd1]" started-at="2021-01-07T14:33:12Z" name="m1" finished-at="2021-01-07T14:33:34Z" duration-ms="21876" status="PASS">
          <reporter-output>
          </reporter-output>
        </test-method> <!-- m1 -->
      </class> <!-- TestMavenProject.TestMavenProject.BrowserTest -->
    </test> <!-- Surefire test -->
  </suite> <!-- Surefire suite -->
</testng-results>
